0 info it worked if it ends with ok
1 verbose cli [ 'node', '/usr/local/bin/npm', 'start' ]
2 info using npm@1.2.18
3 info using node@v0.10.5
4 verbose read json /Users/jcatera/cocktails/cocktails_mojito/my_mojito_fork/mymojito/examples/developer-guide/inter-mojit/package.json
5 verbose run-script [ 'prestart', 'start', 'poststart' ]
6 info prestart inter-mojit@0.1.0
7 info start inter-mojit@0.1.0
8 verbose unsafe-perm in lifecycle true
9 silly exec sh "-c" "node app.js"
10 silly sh,-c,node app.js,/Users/jcatera/cocktails/cocktails_mojito/my_mojito_fork/mymojito/examples/developer-guide/inter-mojit spawning
11 info inter-mojit@0.1.0 Failed to exec start script
12 error inter-mojit@0.1.0 start: `node app.js`
12 error `sh "-c" "node app.js"` failed with 8
13 error Failed at the inter-mojit@0.1.0 start script.
13 error This is most likely a problem with the inter-mojit package,
13 error not with npm itself.
13 error Tell the author that this fails on your system:
13 error     node app.js
13 error You can get their info via:
13 error     npm owner ls inter-mojit
13 error There is likely additional logging output above.
14 error System Darwin 12.5.0
15 error command "node" "/usr/local/bin/npm" "start"
16 error cwd /Users/jcatera/cocktails/cocktails_mojito/my_mojito_fork/mymojito/examples/developer-guide/inter-mojit
17 error node -v v0.10.5
18 error npm -v 1.2.18
19 error code ELIFECYCLE
20 verbose exit [ 1, true ]
