0 info it worked if it ends with ok
1 verbose cli [ 'node', '/usr/local/bin/npm', 'run-script', 'func' ]
2 info using npm@1.2.18
3 info using node@v0.10.5
4 verbose read json /Users/jcatera/cocktails/cocktails_mojito/my_mojito_fork/mymojito/package.json
5 verbose run-script [ 'prefunc', 'func', 'postfunc' ]
6 info prefunc mojito@0.9.0-alpha.2
7 info func mojito@0.9.0-alpha.2
8 verbose unsafe-perm in lifecycle true
9 silly exec sh "-c" "cd tests && node run.js test -f --browser phantomjs"
10 silly sh,-c,cd tests && node run.js test -f --browser phantomjs,/Users/jcatera/cocktails/cocktails_mojito/my_mojito_fork/mymojito spawning
11 info mojito@0.9.0-alpha.2 Failed to exec func script
12 error mojito@0.9.0-alpha.2 func: `cd tests && node run.js test -f --browser phantomjs`
12 error `sh "-c" "cd tests && node run.js test -f --browser phantomjs"` failed with 1
13 error Failed at the mojito@0.9.0-alpha.2 func script.
13 error This is most likely a problem with the mojito package,
13 error not with npm itself.
13 error Tell the author that this fails on your system:
13 error     cd tests && node run.js test -f --browser phantomjs
13 error You can get their info via:
13 error     npm owner ls mojito
13 error There is likely additional logging output above.
14 error System Darwin 12.5.0
15 error command "node" "/usr/local/bin/npm" "run-script" "func"
16 error cwd /Users/jcatera/cocktails/cocktails_mojito/my_mojito_fork/mymojito
17 error node -v v0.10.5
18 error npm -v 1.2.18
19 error code ELIFECYCLE
20 verbose exit [ 1, true ]
