0 info it worked if it ends with ok
1 verbose cli [ 'node', '/usr/local/bin/npm', 'start' ]
2 info using npm@1.2.18
3 info using node@v0.10.5
4 verbose read json /Users/jcatera/cocktails/cocktails_mojito/my_mojito_fork/mymojito/examples/developer-guide/device_views/package.json
5 warn package.json device_views_test@0.0.1 No README.md file found!
6 verbose run-script [ 'prestart', 'start', 'poststart' ]
7 info prestart device_views_test@0.0.1
8 info start device_views_test@0.0.1
9 verbose unsafe-perm in lifecycle true
10 silly exec sh "-c" "node start"
11 silly sh,-c,node start,/Users/jcatera/cocktails/cocktails_mojito/my_mojito_fork/mymojito/examples/developer-guide/device_views spawning
12 info device_views_test@0.0.1 Failed to exec start script
13 error device_views_test@0.0.1 start: `node start`
13 error `sh "-c" "node start"` failed with 8
14 error Failed at the device_views_test@0.0.1 start script.
14 error This is most likely a problem with the device_views_test package,
14 error not with npm itself.
14 error Tell the author that this fails on your system:
14 error     node start
14 error You can get their info via:
14 error     npm owner ls device_views_test
14 error There is likely additional logging output above.
15 error System Darwin 12.5.0
16 error command "node" "/usr/local/bin/npm" "start"
17 error cwd /Users/jcatera/cocktails/cocktails_mojito/my_mojito_fork/mymojito/examples/developer-guide/device_views
18 error node -v v0.10.5
19 error npm -v 1.2.18
20 error code ELIFECYCLE
21 verbose exit [ 1, true ]
