0 info it worked if it ends with ok
1 verbose cli [ 'node', '/usr/local/bin/npm', 'start' ]
2 info using npm@1.2.18
3 info using node@v0.10.5
4 verbose read json /Users/jcatera/cocktails/cocktails_mojito/my_mojito_fork/mymojito/examples/developer-guide/device_assets/package.json
5 error Failed to parse json
5 error Unexpected token }
6 error File: /Users/jcatera/cocktails/cocktails_mojito/my_mojito_fork/mymojito/examples/developer-guide/device_assets/package.json
7 error Failed to parse package.json data.
7 error package.json must be actual JSON, not just JavaScript.
7 error
7 error This is not a bug in npm.
7 error Tell the package author to fix their package.json file. JSON.parse
8 error System Darwin 12.5.0
9 error command "node" "/usr/local/bin/npm" "start"
10 error cwd /Users/jcatera/cocktails/cocktails_mojito/my_mojito_fork/mymojito/examples/developer-guide/device_assets
11 error node -v v0.10.5
12 error npm -v 1.2.18
13 error file /Users/jcatera/cocktails/cocktails_mojito/my_mojito_fork/mymojito/examples/developer-guide/device_assets/package.json
14 error code EJSONPARSE
15 verbose exit [ 1, true ]
