0 info it worked if it ends with ok
1 verbose cli [ 'node', '/usr/local/bin/npm', 'start' ]
2 info using npm@1.2.18
3 info using node@v0.10.5
4 verbose read json /Users/jcatera/cocktails/cocktails_mojito/my_mojito_fork/mymojito/examples/input/cookies/package.json
5 warn package.json ExamplesInputCookies@0.0.0 No README.md file found!
6 verbose run-script [ 'prestart', 'start', 'poststart' ]
7 info prestart ExamplesInputCookies@0.0.0
8 info start ExamplesInputCookies@0.0.0
9 verbose unsafe-perm in lifecycle true
10 silly exec sh "-c" "node app.js"
11 silly sh,-c,node app.js,/Users/jcatera/cocktails/cocktails_mojito/my_mojito_fork/mymojito/examples/input/cookies spawning
12 info ExamplesInputCookies@0.0.0 Failed to exec start script
13 error ExamplesInputCookies@0.0.0 start: `node app.js`
13 error `sh "-c" "node app.js"` failed with 8
14 error Failed at the ExamplesInputCookies@0.0.0 start script.
14 error This is most likely a problem with the ExamplesInputCookies package,
14 error not with npm itself.
14 error Tell the author that this fails on your system:
14 error     node app.js
14 error You can get their info via:
14 error     npm owner ls ExamplesInputCookies
14 error There is likely additional logging output above.
15 error System Darwin 12.5.0
16 error command "node" "/usr/local/bin/npm" "start"
17 error cwd /Users/jcatera/cocktails/cocktails_mojito/my_mojito_fork/mymojito/examples/input/cookies
18 error node -v v0.10.5
19 error npm -v 1.2.18
20 error code ELIFECYCLE
21 verbose exit [ 1, true ]
